<?xml version="1.0" encoding="UTF-8"?>
<!-- Generated by org.testng.reporters.JUnitXMLReporter -->
<testsuite ignored="0" hostname="STIPL-SMBL0339" failures="1" tests="3" name="Default test" time="12.277" errors="0" timestamp="2024-10-10T22:04:19 IST">
  <testcase classname="io.cucumber.testng.AbstractTestNGCucumberTests" name="runScenario" time="10.862">
    <failure type="java.lang.AssertionError" message="expected [Your Cart] but found [Checkout: Your Information]">
      <![CDATA[java.lang.AssertionError: expected [Your Cart] but found [Checkout: Your Information]
at org.testng.Assert.fail(Assert.java:111)
at org.testng.Assert.failNotEquals(Assert.java:1578)
at org.testng.Assert.assertEqualsImpl(Assert.java:150)
at org.testng.Assert.assertEquals(Assert.java:132)
at org.testng.Assert.assertEquals(Assert.java:656)
at org.testng.Assert.assertEquals(Assert.java:666)
at stepDefinitions.StepDefinition.user_enters_in_checkout_your_information_screen(StepDefinition.java:64)
at ✽.User enters "Vajantha", "Vanutha", "455677" in Checkout: Your Information screen(file:///C:/Users/vikasv/Desktop/SwagLabsProject/SwagLabs/src/test/java/featureFiles/Ecomm.feature:15)
]]>
    </failure>
  </testcase> <!-- runScenario -->
  <testcase classname="io.cucumber.testng.AbstractTestNGCucumberTests" name="runScenario" time="11.077"/>
  <testcase classname="io.cucumber.testng.AbstractTestNGCucumberTests" name="runScenario" time="11.416"/>
</testsuite> <!-- Default test -->
